#
# A fatal error has been detected by the Java Runtime Environment:
#
#  Internal Error (method.cpp:1872), pid=20088, tid=10392
#  fatal error: no original bytecode found in ThucHanh4.Test.main([Ljava/lang/String;)V at bci 47
#
# JRE version: OpenJDK Runtime Environment (19.0.2+7) (build 19.0.2+7-44)
# Java VM: OpenJDK 64-Bit Server VM (19.0.2+7-44, mixed mode, sharing, tiered, compressed oops, compressed class ptrs, g1 gc, windows-amd64)
# No core dump will be written. Minidumps are not enabled by default on client versions of Windows
#
# If you would like to submit a bug report, please visit:
#   https://bugreport.java.com/bugreport/crash.jsp
#

---------------  S U M M A R Y ------------

Command Line: -agentlib:jdwp=transport=dt_socket,address=127.0.0.1:64487,suspend=y,server=n -javaagent:C:\Users\ADMIN\AppData\Local\JetBrains\IntelliJIdea2022.3\captureAgent\debugger-agent.jar -Dfile.encoding=UTF-8 -Dsun.stdout.encoding=UTF-8 -Dsun.stderr.encoding=UTF-8 ThucHanh4.Test

Host: 11th Gen Intel(R) Core(TM) i7-11800H @ 2.30GHz, 16 cores, 15G,  Windows 11 , 64 bit Build 22621 (10.0.22621.1485)
Time: Mon Apr 24 13:35:26 2023 SE Asia Standard Time elapsed time: 33.119308 seconds (0d 0h 0m 33s)

---------------  T H R E A D  ---------------

Current thread (0x000001584a4c88d0):  JavaThread "main" [_thread_in_vm, id=10392, stack(0x00000030caa00000,0x00000030cab00000)]

Stack: [0x00000030caa00000,0x00000030cab00000]
Native frames: (J=compiled Java code, j=interpreted, Vv=VM code, C=native code)
V  [jvm.dll+0x6ee21a]
V  [jvm.dll+0x85765e]
V  [jvm.dll+0x85904e]
V  [jvm.dll+0x2826db]
V  [jvm.dll+0x6a1c4f]
V  [jvm.dll+0x3db834]
C  0x00000158598ab86d

Java frames: (J=compiled Java code, j=interpreted, Vv=VM code)
j  ThucHanh4.Test.main([Ljava/lang/String;)V+47
v  ~StubRoutines::call_stub 0x00000158598710e8

---------------  P R O C E S S  ---------------

Threads class SMR info:
_java_thread_list=0x00000158726c1400, length=14, elements={
0x000001584a4c88d0, 0x000001586e26df80, 0x000001586e26eba0, 0x000001586e277eb0,
0x000001586e2788d0, 0x000001586e2792f0, 0x000001586e279d10, 0x000001586e27e370,
0x000001586e287d00, 0x000001586e294ec0, 0x00000158724bca30, 0x000001587259f1c0,
0x00000158725a0370, 0x00000158726684e0
}

Java Threads: ( => current thread )
=>0x000001584a4c88d0 JavaThread "main" [_thread_in_vm, id=10392, stack(0x00000030caa00000,0x00000030cab00000)]
  0x000001586e26df80 JavaThread "Reference Handler" daemon [_thread_blocked, id=14584, stack(0x00000030cb100000,0x00000030cb200000)]
  0x000001586e26eba0 JavaThread "Finalizer" daemon [_thread_blocked, id=5008, stack(0x00000030cb200000,0x00000030cb300000)]
  0x000001586e277eb0 JavaThread "Signal Dispatcher" daemon [_thread_blocked, id=22760, stack(0x00000030cb300000,0x00000030cb400000)]
  0x000001586e2788d0 JavaThread "Attach Listener" daemon [_thread_blocked, id=23580, stack(0x00000030cb400000,0x00000030cb500000)]
  0x000001586e2792f0 JavaThread "Service Thread" daemon [_thread_blocked, id=1420, stack(0x00000030cb500000,0x00000030cb600000)]
  0x000001586e279d10 JavaThread "Monitor Deflation Thread" daemon [_thread_blocked, id=1976, stack(0x00000030cb600000,0x00000030cb700000)]
  0x000001586e27e370 JavaThread "C2 CompilerThread0" daemon [_thread_blocked, id=18232, stack(0x00000030cb700000,0x00000030cb800000)]
  0x000001586e287d00 JavaThread "C1 CompilerThread0" daemon [_thread_blocked, id=13512, stack(0x00000030cb800000,0x00000030cb900000)]
  0x000001586e294ec0 JavaThread "Sweeper thread" daemon [_thread_blocked, id=12764, stack(0x00000030cb900000,0x00000030cba00000)]
  0x00000158724bca30 JavaThread "Common-Cleaner" daemon [_thread_blocked, id=21728, stack(0x00000030cba00000,0x00000030cbb00000)]
  0x000001587259f1c0 JavaThread "JDWP Transport Listener: dt_socket" daemon [_thread_blocked, id=27056, stack(0x00000030cbe00000,0x00000030cbf00000)]
  0x00000158725a0370 JavaThread "JDWP Event Helper Thread" daemon [_thread_blocked, id=21720, stack(0x00000030cbf00000,0x00000030cc000000)]
  0x00000158726684e0 JavaThread "Notification Thread" daemon [_thread_blocked, id=1304, stack(0x00000030cc100000,0x00000030cc200000)]

Other Threads:
  0x000001586e253790 VMThread "VM Thread" [stack: 0x00000030cb000000,0x00000030cb100000] [id=25296] _threads_hazard_ptr=0x00000158726c1400
  0x00000158725ca8a0 WatcherThread "VM Periodic Task Thread" [stack: 0x00000030cc200000,0x00000030cc300000] [id=22244]
  0x000001584a53a0d0 WorkerThread "GC Thread#0" [stack: 0x00000030cab00000,0x00000030cac00000] [id=18996]
  0x000001584a54afc0 ConcurrentGCThread "G1 Main Marker" [stack: 0x00000030cac00000,0x00000030cad00000] [id=19320]
  0x000001584a54c190 WorkerThread "G1 Conc#0" [stack: 0x00000030cad00000,0x00000030cae00000] [id=24192]
  0x000001586e107e10 ConcurrentGCThread "G1 Refine#0" [stack: 0x00000030cae00000,0x00000030caf00000] [id=25120]
  0x000001586e109800 ConcurrentGCThread "G1 Service" [stack: 0x00000030caf00000,0x00000030cb000000] [id=4412]

Threads with active compile tasks:

VM state: synchronizing (normal execution)

VM Mutex/Monitor currently owned by a thread:  ([mutex/lock_event])
[0x000001584a4c34d0] Threads_lock - owner thread: 0x000001586e253790

Heap address: 0x0000000703600000, size: 4042 MB, Compressed Oops mode: Zero based, Oop shift amount: 3

CDS archive(s) mapped at: [0x0000000800000000-0x0000000800c40000-0x0000000800c40000), size 12845056, SharedBaseAddress: 0x0000000800000000, ArchiveRelocationMode: 0.
Compressed class space mapped at: 0x0000000801000000-0x0000000841000000, reserved size: 1073741824
Narrow klass base: 0x0000000800000000, Narrow klass shift: 0, Narrow klass range: 0x100000000

GC Precious Log:
 CardTable entry size: 512
 Card Set container configuration: InlinePtr #cards 4 size 8 Array Of Cards #cards 16 size 48 Howl #buckets 8 coarsen threshold 3686 Howl Bitmap #cards 512 size 80 coarsen threshold 460 Card regions per heap region 1 cards per card region 4096
 CPUs: 16 total, 16 available
 Memory: 16163M
 Large Page Support: Disabled
 NUMA Support: Disabled
 Compressed Oops: Enabled (Zero based)
 Heap Region Size: 2M
 Heap Min Capacity: 8M
 Heap Initial Capacity: 254M
 Heap Max Capacity: 4042M
 Pre-touch: Disabled
 Parallel Workers: 13
 Concurrent Workers: 3
 Concurrent Refinement Workers: 13
 Periodic GC: Disabled

Heap:
 garbage-first heap   total 260096K, used 6144K [0x0000000703600000, 0x0000000800000000)
  region size 2048K, 4 young (8192K), 0 survivors (0K)
 Metaspace       used 802K, committed 960K, reserved 1114112K
  class space    used 56K, committed 128K, reserved 1048576K

Heap Regions: E=young(eden), S=young(survivor), O=old, HS=humongous(starts), HC=humongous(continues), CS=collection set, F=free, OA=open archive, CA=closed archive, TAMS=top-at-mark-start (previous, next)
|   0|0x0000000703600000, 0x0000000703600000, 0x0000000703800000|  0%| F|  |TAMS 0x0000000703600000, 0x0000000703600000| Untracked 
|   1|0x0000000703800000, 0x0000000703800000, 0x0000000703a00000|  0%| F|  |TAMS 0x0000000703800000, 0x0000000703800000| Untracked 
|   2|0x0000000703a00000, 0x0000000703a00000, 0x0000000703c00000|  0%| F|  |TAMS 0x0000000703a00000, 0x0000000703a00000| Untracked 
|   3|0x0000000703c00000, 0x0000000703c00000, 0x0000000703e00000|  0%| F|  |TAMS 0x0000000703c00000, 0x0000000703c00000| Untracked 
|   4|0x0000000703e00000, 0x0000000703e00000, 0x0000000704000000|  0%| F|  |TAMS 0x0000000703e00000, 0x0000000703e00000| Untracked 
|   5|0x0000000704000000, 0x0000000704000000, 0x0000000704200000|  0%| F|  |TAMS 0x0000000704000000, 0x0000000704000000| Untracked 
|   6|0x0000000704200000, 0x0000000704200000, 0x0000000704400000|  0%| F|  |TAMS 0x0000000704200000, 0x0000000704200000| Untracked 
|   7|0x0000000704400000, 0x0000000704400000, 0x0000000704600000|  0%| F|  |TAMS 0x0000000704400000, 0x0000000704400000| Untracked 
|   8|0x0000000704600000, 0x0000000704600000, 0x0000000704800000|  0%| F|  |TAMS 0x0000000704600000, 0x0000000704600000| Untracked 
|   9|0x0000000704800000, 0x0000000704800000, 0x0000000704a00000|  0%| F|  |TAMS 0x0000000704800000, 0x0000000704800000| Untracked 
|  10|0x0000000704a00000, 0x0000000704a00000, 0x0000000704c00000|  0%| F|  |TAMS 0x0000000704a00000, 0x0000000704a00000| Untracked 
|  11|0x0000000704c00000, 0x0000000704c00000, 0x0000000704e00000|  0%| F|  |TAMS 0x0000000704c00000, 0x0000000704c00000| Untracked 
|  12|0x0000000704e00000, 0x0000000704e00000, 0x0000000705000000|  0%| F|  |TAMS 0x0000000704e00000, 0x0000000704e00000| Untracked 
|  13|0x0000000705000000, 0x0000000705000000, 0x0000000705200000|  0%| F|  |TAMS 0x0000000705000000, 0x0000000705000000| Untracked 
|  14|0x0000000705200000, 0x0000000705200000, 0x0000000705400000|  0%| F|  |TAMS 0x0000000705200000, 0x0000000705200000| Untracked 
|  15|0x0000000705400000, 0x0000000705400000, 0x0000000705600000|  0%| F|  |TAMS 0x0000000705400000, 0x0000000705400000| Untracked 
|  16|0x0000000705600000, 0x0000000705600000, 0x0000000705800000|  0%| F|  |TAMS 0x0000000705600000, 0x0000000705600000| Untracked 
|  17|0x0000000705800000, 0x0000000705800000, 0x0000000705a00000|  0%| F|  |TAMS 0x0000000705800000, 0x0000000705800000| Untracked 
|  18|0x0000000705a00000, 0x0000000705a00000, 0x0000000705c00000|  0%| F|  |TAMS 0x0000000705a00000, 0x0000000705a00000| Untracked 
|  19|0x0000000705c00000, 0x0000000705c00000, 0x0000000705e00000|  0%| F|  |TAMS 0x0000000705c00000, 0x0000000705c00000| Untracked 
|  20|0x0000000705e00000, 0x0000000705e00000, 0x0000000706000000|  0%| F|  |TAMS 0x0000000705e00000, 0x0000000705e00000| Untracked 
|  21|0x0000000706000000, 0x0000000706000000, 0x0000000706200000|  0%| F|  |TAMS 0x0000000706000000, 0x0000000706000000| Untracked 
|  22|0x0000000706200000, 0x0000000706200000, 0x0000000706400000|  0%| F|  |TAMS 0x0000000706200000, 0x0000000706200000| Untracked 
|  23|0x0000000706400000, 0x0000000706400000, 0x0000000706600000|  0%| F|  |TAMS 0x0000000706400000, 0x0000000706400000| Untracked 
|  24|0x0000000706600000, 0x0000000706600000, 0x0000000706800000|  0%| F|  |TAMS 0x0000000706600000, 0x0000000706600000| Untracked 
|  25|0x0000000706800000, 0x0000000706800000, 0x0000000706a00000|  0%| F|  |TAMS 0x0000000706800000, 0x0000000706800000| Untracked 
|  26|0x0000000706a00000, 0x0000000706a00000, 0x0000000706c00000|  0%| F|  |TAMS 0x0000000706a00000, 0x0000000706a00000| Untracked 
|  27|0x0000000706c00000, 0x0000000706c00000, 0x0000000706e00000|  0%| F|  |TAMS 0x0000000706c00000, 0x0000000706c00000| Untracked 
|  28|0x0000000706e00000, 0x0000000706e00000, 0x0000000707000000|  0%| F|  |TAMS 0x0000000706e00000, 0x0000000706e00000| Untracked 
|  29|0x0000000707000000, 0x0000000707000000, 0x0000000707200000|  0%| F|  |TAMS 0x0000000707000000, 0x0000000707000000| Untracked 
|  30|0x0000000707200000, 0x0000000707200000, 0x0000000707400000|  0%| F|  |TAMS 0x0000000707200000, 0x0000000707200000| Untracked 
|  31|0x0000000707400000, 0x0000000707400000, 0x0000000707600000|  0%| F|  |TAMS 0x0000000707400000, 0x0000000707400000| Untracked 
|  32|0x0000000707600000, 0x0000000707600000, 0x0000000707800000|  0%| F|  |TAMS 0x0000000707600000, 0x0000000707600000| Untracked 
|  33|0x0000000707800000, 0x0000000707800000, 0x0000000707a00000|  0%| F|  |TAMS 0x0000000707800000, 0x0000000707800000| Untracked 
|  34|0x0000000707a00000, 0x0000000707a00000, 0x0000000707c00000|  0%| F|  |TAMS 0x0000000707a00000, 0x0000000707a00000| Untracked 
|  35|0x0000000707c00000, 0x0000000707c00000, 0x0000000707e00000|  0%| F|  |TAMS 0x0000000707c00000, 0x0000000707c00000| Untracked 
|  36|0x0000000707e00000, 0x0000000707e00000, 0x0000000708000000|  0%| F|  |TAMS 0x0000000707e00000, 0x0000000707e00000| Untracked 
|  37|0x0000000708000000, 0x0000000708000000, 0x0000000708200000|  0%| F|  |TAMS 0x0000000708000000, 0x0000000708000000| Untracked 
|  38|0x0000000708200000, 0x0000000708200000, 0x0000000708400000|  0%| F|  |TAMS 0x0000000708200000, 0x0000000708200000| Untracked 
|  39|0x0000000708400000, 0x0000000708400000, 0x0000000708600000|  0%| F|  |TAMS 0x0000000708400000, 0x0000000708400000| Untracked 
|  40|0x0000000708600000, 0x0000000708600000, 0x0000000708800000|  0%| F|  |TAMS 0x0000000708600000, 0x0000000708600000| Untracked 
|  41|0x0000000708800000, 0x0000000708800000, 0x0000000708a00000|  0%| F|  |TAMS 0x0000000708800000, 0x0000000708800000| Untracked 
|  42|0x0000000708a00000, 0x0000000708a00000, 0x0000000708c00000|  0%| F|  |TAMS 0x0000000708a00000, 0x0000000708a00000| Untracked 
|  43|0x0000000708c00000, 0x0000000708c00000, 0x0000000708e00000|  0%| F|  |TAMS 0x0000000708c00000, 0x0000000708c00000| Untracked 
|  44|0x0000000708e00000, 0x0000000708e00000, 0x0000000709000000|  0%| F|  |TAMS 0x0000000708e00000, 0x0000000708e00000| Untracked 
|  45|0x0000000709000000, 0x0000000709000000, 0x0000000709200000|  0%| F|  |TAMS 0x0000000709000000, 0x0000000709000000| Untracked 
|  46|0x0000000709200000, 0x0000000709200000, 0x0000000709400000|  0%| F|  |TAMS 0x0000000709200000, 0x0000000709200000| Untracked 
|  47|0x0000000709400000, 0x0000000709400000, 0x0000000709600000|  0%| F|  |TAMS 0x0000000709400000, 0x0000000709400000| Untracked 
|  48|0x0000000709600000, 0x0000000709600000, 0x0000000709800000|  0%| F|  |TAMS 0x0000000709600000, 0x0000000709600000| Untracked 
|  49|0x0000000709800000, 0x0000000709800000, 0x0000000709a00000|  0%| F|  |TAMS 0x0000000709800000, 0x0000000709800000| Untracked 
|  50|0x0000000709a00000, 0x0000000709a00000, 0x0000000709c00000|  0%| F|  |TAMS 0x0000000709a00000, 0x0000000709a00000| Untracked 
|  51|0x0000000709c00000, 0x0000000709c00000, 0x0000000709e00000|  0%| F|  |TAMS 0x0000000709c00000, 0x0000000709c00000| Untracked 
|  52|0x0000000709e00000, 0x0000000709e00000, 0x000000070a000000|  0%| F|  |TAMS 0x0000000709e00000, 0x0000000709e00000| Untracked 
|  53|0x000000070a000000, 0x000000070a000000, 0x000000070a200000|  0%| F|  |TAMS 0x000000070a000000, 0x000000070a000000| Untracked 
|  54|0x000000070a200000, 0x000000070a200000, 0x000000070a400000|  0%| F|  |TAMS 0x000000070a200000, 0x000000070a200000| Untracked 
|  55|0x000000070a400000, 0x000000070a400000, 0x000000070a600000|  0%| F|  |TAMS 0x000000070a400000, 0x000000070a400000| Untracked 
|  56|0x000000070a600000, 0x000000070a600000, 0x000000070a800000|  0%| F|  |TAMS 0x000000070a600000, 0x000000070a600000| Untracked 
|  57|0x000000070a800000, 0x000000070a800000, 0x000000070aa00000|  0%| F|  |TAMS 0x000000070a800000, 0x000000070a800000| Untracked 
|  58|0x000000070aa00000, 0x000000070aa00000, 0x000000070ac00000|  0%| F|  |TAMS 0x000000070aa00000, 0x000000070aa00000| Untracked 
|  59|0x000000070ac00000, 0x000000070ac00000, 0x000000070ae00000|  0%| F|  |TAMS 0x000000070ac00000, 0x000000070ac00000| Untracked 
|  60|0x000000070ae00000, 0x000000070ae00000, 0x000000070b000000|  0%| F|  |TAMS 0x000000070ae00000, 0x000000070ae00000| Untracked 
|  61|0x000000070b000000, 0x000000070b000000, 0x000000070b200000|  0%| F|  |TAMS 0x000000070b000000, 0x000000070b000000| Untracked 
|  62|0x000000070b200000, 0x000000070b200000, 0x000000070b400000|  0%| F|  |TAMS 0x000000070b200000, 0x000000070b200000| Untracked 
|  63|0x000000070b400000, 0x000000070b400000, 0x000000070b600000|  0%| F|  |TAMS 0x000000070b400000, 0x000000070b400000| Untracked 
|  64|0x000000070b600000, 0x000000070b600000, 0x000000070b800000|  0%| F|  |TAMS 0x000000070b600000, 0x000000070b600000| Untracked 
|  65|0x000000070b800000, 0x000000070b800000, 0x000000070ba00000|  0%| F|  |TAMS 0x000000070b800000, 0x000000070b800000| Untracked 
|  66|0x000000070ba00000, 0x000000070ba00000, 0x000000070bc00000|  0%| F|  |TAMS 0x000000070ba00000, 0x000000070ba00000| Untracked 
|  67|0x000000070bc00000, 0x000000070bc00000, 0x000000070be00000|  0%| F|  |TAMS 0x000000070bc00000, 0x000000070bc00000| Untracked 
|  68|0x000000070be00000, 0x000000070be00000, 0x000000070c000000|  0%| F|  |TAMS 0x000000070be00000, 0x000000070be00000| Untracked 
|  69|0x000000070c000000, 0x000000070c000000, 0x000000070c200000|  0%| F|  |TAMS 0x000000070c000000, 0x000000070c000000| Untracked 
|  70|0x000000070c200000, 0x000000070c200000, 0x000000070c400000|  0%| F|  |TAMS 0x000000070c200000, 0x000000070c200000| Untracked 
|  71|0x000000070c400000, 0x000000070c400000, 0x000000070c600000|  0%| F|  |TAMS 0x000000070c400000, 0x000000070c400000| Untracked 
|  72|0x000000070c600000, 0x000000070c600000, 0x000000070c800000|  0%| F|  |TAMS 0x000000070c600000, 0x000000070c600000| Untracked 
|  73|0x000000070c800000, 0x000000070c800000, 0x000000070ca00000|  0%| F|  |TAMS 0x000000070c800000, 0x000000070c800000| Untracked 
|  74|0x000000070ca00000, 0x000000070ca00000, 0x000000070cc00000|  0%| F|  |TAMS 0x000000070ca00000, 0x000000070ca00000| Untracked 
|  75|0x000000070cc00000, 0x000000070cc00000, 0x000000070ce00000|  0%| F|  |TAMS 0x000000070cc00000, 0x000000070cc00000| Untracked 
|  76|0x000000070ce00000, 0x000000070ce00000, 0x000000070d000000|  0%| F|  |TAMS 0x000000070ce00000, 0x000000070ce00000| Untracked 
|  77|0x000000070d000000, 0x000000070d000000, 0x000000070d200000|  0%| F|  |TAMS 0x000000070d000000, 0x000000070d000000| Untracked 
|  78|0x000000070d200000, 0x000000070d200000, 0x000000070d400000|  0%| F|  |TAMS 0x000000070d200000, 0x000000070d200000| Untracked 
|  79|0x000000070d400000, 0x000000070d400000, 0x000000070d600000|  0%| F|  |TAMS 0x000000070d400000, 0x000000070d400000| Untracked 
|  80|0x000000070d600000, 0x000000070d600000, 0x000000070d800000|  0%| F|  |TAMS 0x000000070d600000, 0x000000070d600000| Untracked 
|  81|0x000000070d800000, 0x000000070d800000, 0x000000070da00000|  0%| F|  |TAMS 0x000000070d800000, 0x000000070d800000| Untracked 
|  82|0x000000070da00000, 0x000000070da00000, 0x000000070dc00000|  0%| F|  |TAMS 0x000000070da00000, 0x000000070da00000| Untracked 
|  83|0x000000070dc00000, 0x000000070dc00000, 0x000000070de00000|  0%| F|  |TAMS 0x000000070dc00000, 0x000000070dc00000| Untracked 
|  84|0x000000070de00000, 0x000000070de00000, 0x000000070e000000|  0%| F|  |TAMS 0x000000070de00000, 0x000000070de00000| Untracked 
|  85|0x000000070e000000, 0x000000070e000000, 0x000000070e200000|  0%| F|  |TAMS 0x000000070e000000, 0x000000070e000000| Untracked 
|  86|0x000000070e200000, 0x000000070e200000, 0x000000070e400000|  0%| F|  |TAMS 0x000000070e200000, 0x000000070e200000| Untracked 
|  87|0x000000070e400000, 0x000000070e400000, 0x000000070e600000|  0%| F|  |TAMS 0x000000070e400000, 0x000000070e400000| Untracked 
|  88|0x000000070e600000, 0x000000070e600000, 0x000000070e800000|  0%| F|  |TAMS 0x000000070e600000, 0x000000070e600000| Untracked 
|  89|0x000000070e800000, 0x000000070e800000, 0x000000070ea00000|  0%| F|  |TAMS 0x000000070e800000, 0x000000070e800000| Untracked 
|  90|0x000000070ea00000, 0x000000070ea00000, 0x000000070ec00000|  0%| F|  |TAMS 0x000000070ea00000, 0x000000070ea00000| Untracked 
|  91|0x000000070ec00000, 0x000000070ec00000, 0x000000070ee00000|  0%| F|  |TAMS 0x000000070ec00000, 0x000000070ec00000| Untracked 
|  92|0x000000070ee00000, 0x000000070ee00000, 0x000000070f000000|  0%| F|  |TAMS 0x000000070ee00000, 0x000000070ee00000| Untracked 
|  93|0x000000070f000000, 0x000000070f000000, 0x000000070f200000|  0%| F|  |TAMS 0x000000070f000000, 0x000000070f000000| Untracked 
|  94|0x000000070f200000, 0x000000070f200000, 0x000000070f400000|  0%| F|  |TAMS 0x000000070f200000, 0x000000070f200000| Untracked 
|  95|0x000000070f400000, 0x000000070f400000, 0x000000070f600000|  0%| F|  |TAMS 0x000000070f400000, 0x000000070f400000| Untracked 
|  96|0x000000070f600000, 0x000000070f600000, 0x000000070f800000|  0%| F|  |TAMS 0x000000070f600000, 0x000000070f600000| Untracked 
|  97|0x000000070f800000, 0x000000070f800000, 0x000000070fa00000|  0%| F|  |TAMS 0x000000070f800000, 0x000000070f800000| Untracked 
|  98|0x000000070fa00000, 0x000000070fa00000, 0x000000070fc00000|  0%| F|  |TAMS 0x000000070fa00000, 0x000000070fa00000| Untracked 
|  99|0x000000070fc00000, 0x000000070fc00000, 0x000000070fe00000|  0%| F|  |TAMS 0x000000070fc00000, 0x000000070fc00000| Untracked 
| 100|0x000000070fe00000, 0x000000070fe00000, 0x0000000710000000|  0%| F|  |TAMS 0x000000070fe00000, 0x000000070fe00000| Untracked 
| 101|0x0000000710000000, 0x0000000710000000, 0x0000000710200000|  0%| F|  |TAMS 0x0000000710000000, 0x0000000710000000| Untracked 
| 102|0x0000000710200000, 0x0000000710200000, 0x0000000710400000|  0%| F|  |TAMS 0x0000000710200000, 0x0000000710200000| Untracked 
| 103|0x0000000710400000, 0x0000000710400000, 0x0000000710600000|  0%| F|  |TAMS 0x0000000710400000, 0x0000000710400000| Untracked 
| 104|0x0000000710600000, 0x0000000710600000, 0x0000000710800000|  0%| F|  |TAMS 0x0000000710600000, 0x0000000710600000| Untracked 
| 105|0x0000000710800000, 0x0000000710800000, 0x0000000710a00000|  0%| F|  |TAMS 0x0000000710800000, 0x0000000710800000| Untracked 
| 106|0x0000000710a00000, 0x0000000710a00000, 0x0000000710c00000|  0%| F|  |TAMS 0x0000000710a00000, 0x0000000710a00000| Untracked 
| 107|0x0000000710c00000, 0x0000000710c00000, 0x0000000710e00000|  0%| F|  |TAMS 0x0000000710c00000, 0x0000000710c00000| Untracked 
| 108|0x0000000710e00000, 0x0000000710e00000, 0x0000000711000000|  0%| F|  |TAMS 0x0000000710e00000, 0x0000000710e00000| Untracked 
| 109|0x0000000711000000, 0x0000000711000000, 0x0000000711200000|  0%| F|  |TAMS 0x0000000711000000, 0x0000000711000000| Untracked 
| 110|0x0000000711200000, 0x0000000711200000, 0x0000000711400000|  0%| F|  |TAMS 0x0000000711200000, 0x0000000711200000| Untracked 
| 111|0x0000000711400000, 0x0000000711400000, 0x0000000711600000|  0%| F|  |TAMS 0x0000000711400000, 0x0000000711400000| Untracked 
| 112|0x0000000711600000, 0x0000000711600000, 0x0000000711800000|  0%| F|  |TAMS 0x0000000711600000, 0x0000000711600000| Untracked 
| 113|0x0000000711800000, 0x0000000711800000, 0x0000000711a00000|  0%| F|  |TAMS 0x0000000711800000, 0x0000000711800000| Untracked 
| 114|0x0000000711a00000, 0x0000000711a00000, 0x0000000711c00000|  0%| F|  |TAMS 0x0000000711a00000, 0x0000000711a00000| Untracked 
| 115|0x0000000711c00000, 0x0000000711c00000, 0x0000000711e00000|  0%| F|  |TAMS 0x0000000711c00000, 0x0000000711c00000| Untracked 
| 116|0x0000000711e00000, 0x0000000711e00000, 0x0000000712000000|  0%| F|  |TAMS 0x0000000711e00000, 0x0000000711e00000| Untracked 
| 117|0x0000000712000000, 0x0000000712000000, 0x0000000712200000|  0%| F|  |TAMS 0x0000000712000000, 0x0000000712000000| Untracked 
| 118|0x0000000712200000, 0x0000000712200000, 0x0000000712400000|  0%| F|  |TAMS 0x0000000712200000, 0x0000000712200000| Untracked 
| 119|0x0000000712400000, 0x0000000712400000, 0x0000000712600000|  0%| F|  |TAMS 0x0000000712400000, 0x0000000712400000| Untracked 
| 120|0x0000000712600000, 0x0000000712600000, 0x0000000712800000|  0%| F|  |TAMS 0x0000000712600000, 0x0000000712600000| Untracked 
| 121|0x0000000712800000, 0x0000000712800000, 0x0000000712a00000|  0%| F|  |TAMS 0x0000000712800000, 0x0000000712800000| Untracked 
| 122|0x0000000712a00000, 0x0000000712a00000, 0x0000000712c00000|  0%| F|  |TAMS 0x0000000712a00000, 0x0000000712a00000| Untracked 
| 123|0x0000000712c00000, 0x0000000712d53ff0, 0x0000000712e00000| 66%| E|  |TAMS 0x0000000712c00000, 0x0000000712c00000| Complete 
| 124|0x0000000712e00000, 0x0000000713000000, 0x0000000713000000|100%| E|CS|TAMS 0x0000000712e00000, 0x0000000712e00000| Complete 
| 125|0x0000000713000000, 0x0000000713200000, 0x0000000713200000|100%| E|CS|TAMS 0x0000000713000000, 0x0000000713000000| Complete 
| 126|0x0000000713200000, 0x0000000713400000, 0x0000000713400000|100%| E|CS|TAMS 0x0000000713200000, 0x0000000713200000| Complete 

Card table byte_map: [0x0000015862490000,0x0000015862c80000] _byte_map_base: 0x000001585ec75000

Marking Bits (Prev, Next): (CMBitMap*) 0x000001584a53a700, (CMBitMap*) 0x000001584a53a740
 Prev Bits: [0x0000015863470000, 0x0000015867398000)
 Next Bits: [0x00000158673a0000, 0x000001586b2c8000)

Polling page: 0x0000015848490000

Metaspace:

Usage:
  Non-class:    746.45 KB used.
      Class:     56.45 KB used.
       Both:    802.90 KB used.

Virtual space:
  Non-class space:       64.00 MB reserved,     832.00 KB (  1%) committed,  1 nodes.
      Class space:        1.00 GB reserved,     128.00 KB ( <1%) committed,  1 nodes.
             Both:        1.06 GB reserved,     960.00 KB ( <1%) committed. 

Chunk freelists:
   Non-Class:  3.92 MB
       Class:  3.73 MB
        Both:  7.65 MB

MaxMetaspaceSize: unlimited
CompressedClassSpaceSize: 1.00 GB
Initial GC threshold: 21.00 MB
Current GC threshold: 21.00 MB
CDS: on
MetaspaceReclaimPolicy: balanced
 - commit_granule_bytes: 65536.
 - commit_granule_words: 8192.
 - virtual_space_node_default_size: 8388608.
 - enlarge_chunks_in_place: 1.
 - new_chunks_are_fully_committed: 0.
 - uncommit_free_chunks: 1.
 - use_allocation_guard: 0.


Internal statistics:

num_allocs_failed_limit: 0.
num_arena_births: 38.
num_arena_deaths: 0.
num_vsnodes_births: 2.
num_vsnodes_deaths: 0.
num_space_committed: 15.
num_space_uncommitted: 0.
num_chunks_returned_to_freelist: 0.
num_chunks_taken_from_freelist: 43.
num_chunk_merges: 0.
num_chunk_splits: 28.
num_chunks_enlarged: 16.
num_inconsistent_stats: 0.

CodeHeap 'non-profiled nmethods': size=119168Kb used=120Kb max_used=120Kb free=119047Kb
 bounds [0x0000015859fc0000, 0x000001585a230000, 0x0000015861420000]
CodeHeap 'profiled nmethods': size=119104Kb used=399Kb max_used=399Kb free=118704Kb
 bounds [0x0000015852420000, 0x0000015852690000, 0x0000015859870000]
CodeHeap 'non-nmethods': size=7488Kb used=1291Kb max_used=2988Kb free=6196Kb
 bounds [0x0000015859870000, 0x0000015859b60000, 0x0000015859fc0000]
 total_blobs=751 nmethods=341 adapters=321
 compilation: enabled
              stopped_count=0, restarted_count=0
 full_count=0

Compilation events (20 events):
Event: 2.365 Thread 0x000001586e287d00  315       3       java.util.regex.Matcher::search (154 bytes)
Event: 2.365 Thread 0x000001586e287d00 nmethod 315 0x000001585247e490 code [0x000001585247e680, 0x000001585247ec38]
Event: 2.424 Thread 0x000001586e287d00  316       3       sun.nio.fs.WindowsPathParser::isSlash (18 bytes)
Event: 2.425 Thread 0x000001586e287d00 nmethod 316 0x000001585247ee10 code [0x000001585247efa0, 0x000001585247f118]
Event: 2.425 Thread 0x000001586e287d00  317       3       java.util.zip.ZipUtils::LG (22 bytes)
Event: 2.425 Thread 0x000001586e287d00 nmethod 317 0x000001585247f190 code [0x000001585247f340, 0x000001585247f5b8]
Event: 2.425 Thread 0x000001586e287d00  319       3       java.util.zip.ZipUtils::CENNAM (9 bytes)
Event: 2.425 Thread 0x000001586e287d00 nmethod 319 0x000001585247f710 code [0x000001585247f8c0, 0x000001585247fa78]
Event: 2.425 Thread 0x000001586e287d00  320       3       java.util.zip.ZipFile$Source::zipCoderForPos (39 bytes)
Event: 2.425 Thread 0x000001586e287d00 nmethod 320 0x000001585247fb90 code [0x000001585247fd60, 0x0000015852480168]
Event: 2.425 Thread 0x000001586e287d00  318       3       java.util.zip.ZipUtils::CENHOW (9 bytes)
Event: 2.425 Thread 0x000001586e287d00 nmethod 318 0x0000015852480310 code [0x00000158524804c0, 0x0000015852480678]
Event: 2.425 Thread 0x000001586e287d00  321       3       java.util.zip.ZipUtils::CENFLG (9 bytes)
Event: 2.425 Thread 0x000001586e287d00 nmethod 321 0x0000015852480790 code [0x0000015852480940, 0x0000015852480af8]
Event: 2.425 Thread 0x000001586e287d00  322       3       java.util.zip.ZipUtils::CENEXT (9 bytes)
Event: 2.425 Thread 0x000001586e287d00 nmethod 322 0x0000015852480c10 code [0x0000015852480dc0, 0x0000015852480f78]
Event: 2.425 Thread 0x000001586e287d00  323   !   3       java.util.zip.ZipFile$Source::checkAndAddEntry (249 bytes)
Event: 2.426 Thread 0x000001586e287d00 nmethod 323 0x0000015852481090 code [0x0000015852481460, 0x0000015852482c88]
Event: 2.427 Thread 0x000001586e287d00  324       3       java.lang.StringUTF16::putChar (54 bytes)
Event: 2.427 Thread 0x000001586e287d00 nmethod 324 0x0000015852483b10 code [0x0000015852483cc0, 0x0000015852483e18]

GC Heap History (0 events):
No events

Dll operation events (8 events):
Event: 0.015 Loaded shared library C:\Users\ADMIN\.jdks\openjdk-19.0.2\bin\java.dll
Event: 0.016 Loaded shared library C:\Users\ADMIN\.jdks\openjdk-19.0.2\bin\zip.dll
Event: 0.024 Loaded shared library C:\Users\ADMIN\.jdks\openjdk-19.0.2\bin\jsvml.dll
Event: 0.087 Loaded shared library C:\Users\ADMIN\.jdks\openjdk-19.0.2\bin\instrument.dll
Event: 0.112 Loaded shared library C:\Users\ADMIN\.jdks\openjdk-19.0.2\bin\jimage.dll
Event: 0.125 Loaded shared library C:\Users\ADMIN\.jdks\openjdk-19.0.2\bin\net.dll
Event: 0.126 Loaded shared library C:\Users\ADMIN\.jdks\openjdk-19.0.2\bin\nio.dll
Event: 0.129 Loaded shared library C:\Users\ADMIN\.jdks\openjdk-19.0.2\bin\zip.dll

Deoptimization events (8 events):
Event: 0.097 Thread 0x000001584a4c88d0 Uncommon trap: trap_request=0xffffff45 fr.pc=0x0000015859fd235c relative=0x00000000000000bc
Event: 0.097 Thread 0x000001584a4c88d0 Uncommon trap: reason=unstable_if action=reinterpret pc=0x0000015859fd235c method=java.lang.String.isLatin1()Z @ 10 c2
Event: 0.097 Thread 0x000001584a4c88d0 DEOPT PACKING pc=0x0000015859fd235c sp=0x00000030caafef30
Event: 0.097 Thread 0x000001584a4c88d0 DEOPT UNPACKING pc=0x00000158598da5a3 sp=0x00000030caafee80 mode 2
Event: 0.136 Thread 0x000001584a4c88d0 Uncommon trap: trap_request=0xffffff45 fr.pc=0x0000015859fd847c relative=0x000000000000067c
Event: 0.136 Thread 0x000001584a4c88d0 Uncommon trap: reason=unstable_if action=reinterpret pc=0x0000015859fd847c method=java.util.regex.Matcher.search(I)Z @ 30 c2
Event: 0.136 Thread 0x000001584a4c88d0 DEOPT PACKING pc=0x0000015859fd847c sp=0x00000030caaff1f0
Event: 0.136 Thread 0x000001584a4c88d0 DEOPT UNPACKING pc=0x00000158598da5a3 sp=0x00000030caaff200 mode 2

Classes loaded (20 events):
Event: 0.118 Loading class sun/util/resources/LocaleData$CommonResourceBundleProvider
Event: 0.118 Loading class sun/util/resources/LocaleData$LocaleDataResourceBundleProvider
Event: 0.118 Loading class java/util/spi/ResourceBundleProvider
Event: 0.118 Loading class java/util/spi/ResourceBundleProvider done
Event: 0.118 Loading class sun/util/resources/LocaleData$LocaleDataResourceBundleProvider done
Event: 0.118 Loading class sun/util/resources/LocaleData$CommonResourceBundleProvider done
Event: 0.119 Loading class sun/util/resources/Bundles$2
Event: 0.119 Loading class sun/util/resources/Bundles$2 done
Event: 0.120 Loading class java/lang/InstantiationException
Event: 0.120 Loading class java/lang/InstantiationException done
Event: 0.120 Loading class java/lang/IllegalAccessException
Event: 0.120 Loading class java/lang/IllegalAccessException done
Event: 2.365 Loading class java/util/regex/Matcher$ImmutableMatchResult
Event: 2.365 Loading class java/util/regex/Matcher$ImmutableMatchResult done
Event: 2.424 Loading class com/intellij/rt/debugger/BatchEvaluatorServer
Event: 2.424 Loading class com/intellij/rt/debugger/BatchEvaluatorServer done
Event: 7.861 Loading class java/lang/invoke/BoundMethodHandle$Species_LJ
Event: 7.861 Loading class java/lang/invoke/BoundMethodHandle$Species_LJ done
Event: 7.868 Loading class java/lang/invoke/BoundMethodHandle$Species_LLLL
Event: 7.868 Loading class java/lang/invoke/BoundMethodHandle$Species_LLLL done

Classes unloaded (0 events):
No events

Classes redefined (0 events):
No events

Internal exceptions (2 events):
Event: 0.088 Thread 0x000001584a4c88d0 Exception <a 'java/lang/NoSuchMethodError'{0x00000007130b2b48}: 'void java.lang.invoke.DirectMethodHandle$Holder.invokeStatic(java.lang.Object, java.lang.Object, java.lang.Object)'> (0x00000007130b2b48) 
thrown [s\open\src\hotspot\share\interpreter\linkResolver.cpp, line 774]
Event: 0.092 Thread 0x000001584a4c88d0 Exception <a 'java/lang/NoSuchMethodError'{0x00000007130cb140}: 'java.lang.Object java.lang.invoke.Invokers$Holder.invokeExact_MT(java.lang.Object, java.lang.Object, java.lang.Object, java.lang.Object, java.lang.Object)'> (0x00000007130cb140) 
thrown [s\open\src\hotspot\share\interpreter\linkResolver.cpp, line 774]

VM Operations (20 events):
Event: 8.746 Executing VM operation: get/set locals done
Event: 9.294 Executing VM operation: ChangeSingleStep
Event: 9.294 Executing VM operation: ChangeSingleStep done
Event: 9.294 Executing VM operation: ChangeSingleStep
Event: 9.294 Executing VM operation: ChangeSingleStep done
Event: 9.297 Executing VM operation: get/set locals
Event: 9.297 Executing VM operation: get/set locals done
Event: 9.297 Executing VM operation: get/set locals
Event: 9.297 Executing VM operation: get/set locals done
Event: 9.297 Executing VM operation: get/set locals
Event: 9.297 Executing VM operation: get/set locals done
Event: 30.181 Executing VM operation: ChangeBreakpoints
Event: 30.181 Executing VM operation: ChangeBreakpoints done
Event: 33.116 Executing VM operation: ChangeBreakpoints
Event: 33.116 Executing VM operation: ChangeBreakpoints done
Event: 33.116 Executing VM operation: ChangeBreakpoints
Event: 33.116 Executing VM operation: ChangeBreakpoints done
Event: 33.116 Executing VM operation: ChangeBreakpoints
Event: 33.117 Executing VM operation: ChangeBreakpoints done
Event: 33.117 Executing VM operation: ChangeBreakpoints

Events (20 events):
Event: 0.033 Thread 0x000001586e26eba0 Thread added: 0x000001586e26eba0
Event: 0.033 Thread 0x000001586e277eb0 Thread added: 0x000001586e277eb0
Event: 0.033 Thread 0x000001586e2788d0 Thread added: 0x000001586e2788d0
Event: 0.033 Thread 0x000001586e2792f0 Thread added: 0x000001586e2792f0
Event: 0.033 Thread 0x000001586e279d10 Thread added: 0x000001586e279d10
Event: 0.033 Thread 0x000001586e27e370 Thread added: 0x000001586e27e370
Event: 0.033 Thread 0x000001586e287d00 Thread added: 0x000001586e287d00
Event: 0.033 Thread 0x000001586e294ec0 Thread added: 0x000001586e294ec0
Event: 0.047 Thread 0x00000158724bca30 Thread added: 0x00000158724bca30
Event: 0.051 Thread 0x00000158724f6a20 Thread added: 0x00000158724f6a20
Event: 0.051 Thread 0x00000158724f6fa0 Thread added: 0x00000158724f6fa0
Event: 0.052 Thread 0x00000158724f84d0 Thread added: 0x00000158724f84d0
Event: 0.062 Thread 0x000001587259f1c0 Thread added: 0x000001587259f1c0
Event: 0.062 Thread 0x00000158725a0370 Thread added: 0x00000158725a0370
Event: 0.062 Thread 0x00000158725cdc30 Thread added: 0x00000158725cdc30
Event: 0.096 Thread 0x00000158726684e0 Thread added: 0x00000158726684e0
Event: 2.365 Thread 0x00000158724f84d0 Thread exited: 0x00000158724f84d0
Event: 2.424 Thread 0x00000158724f6fa0 Thread exited: 0x00000158724f6fa0
Event: 2.424 Thread 0x00000158724f6a20 Thread exited: 0x00000158724f6a20
Event: 33.116 Thread 0x00000158725cdc30 Thread exited: 0x00000158725cdc30


Dynamic libraries:
0x00007ff685d80000 - 0x00007ff685d8e000 	C:\Users\ADMIN\.jdks\openjdk-19.0.2\bin\java.exe
0x00007ffbbcf90000 - 0x00007ffbbd1a4000 	C:\WINDOWS\SYSTEM32\ntdll.dll
0x00007ffbbc5c0000 - 0x00007ffbbc682000 	C:\WINDOWS\System32\KERNEL32.DLL
0x00007ffbba7f0000 - 0x00007ffbbab8c000 	C:\WINDOWS\System32\KERNELBASE.dll
0x00007ffbba650000 - 0x00007ffbba761000 	C:\WINDOWS\System32\ucrtbase.dll
0x00007ffba5ae0000 - 0x00007ffba5af7000 	C:\Users\ADMIN\.jdks\openjdk-19.0.2\bin\jli.dll
0x00007ffba5b00000 - 0x00007ffba5b1b000 	C:\Users\ADMIN\.jdks\openjdk-19.0.2\bin\VCRUNTIME140.dll
0x00007ffbbcd00000 - 0x00007ffbbceab000 	C:\WINDOWS\System32\USER32.dll
0x00007ffbba3d0000 - 0x00007ffbba3f6000 	C:\WINDOWS\System32\win32u.dll
0x00007ffbbca50000 - 0x00007ffbbca79000 	C:\WINDOWS\System32\GDI32.dll
0x00007ffbba400000 - 0x00007ffbba513000 	C:\WINDOWS\System32\gdi32full.dll
0x00007ffba2230000 - 0x00007ffba24be000 	C:\WINDOWS\WinSxS\amd64_microsoft.windows.common-controls_6595b64144ccf1df_6.0.22621.608_none_a9444ca7c10bb01d\COMCTL32.dll
0x00007ffbbab90000 - 0x00007ffbbac2a000 	C:\WINDOWS\System32\msvcp_win.dll
0x00007ffbbbfb0000 - 0x00007ffbbc057000 	C:\WINDOWS\System32\msvcrt.dll
0x00007ffbbc070000 - 0x00007ffbbc0a1000 	C:\WINDOWS\System32\IMM32.DLL
0x00007ffba5ad0000 - 0x00007ffba5adc000 	C:\Users\ADMIN\.jdks\openjdk-19.0.2\bin\vcruntime140_1.dll
0x00007ffb71c80000 - 0x00007ffb71d0e000 	C:\Users\ADMIN\.jdks\openjdk-19.0.2\bin\msvcp140.dll
0x00007ffb48960000 - 0x00007ffb49620000 	C:\Users\ADMIN\.jdks\openjdk-19.0.2\bin\server\jvm.dll
0x00007ffbbb380000 - 0x00007ffbbb42e000 	C:\WINDOWS\System32\ADVAPI32.dll
0x00007ffbbc980000 - 0x00007ffbbca24000 	C:\WINDOWS\System32\sechost.dll
0x00007ffbbcae0000 - 0x00007ffbbcbf7000 	C:\WINDOWS\System32\RPCRT4.dll
0x00007ffbafa20000 - 0x00007ffbafa54000 	C:\WINDOWS\SYSTEM32\WINMM.dll
0x00007ffbb4bd0000 - 0x00007ffbb4bd9000 	C:\WINDOWS\SYSTEM32\WSOCK32.dll
0x00007ffbb1b60000 - 0x00007ffbb1b6a000 	C:\WINDOWS\SYSTEM32\VERSION.dll
0x00007ffbbc540000 - 0x00007ffbbc5b1000 	C:\WINDOWS\System32\WS2_32.dll
0x00007ffbb9440000 - 0x00007ffbb9458000 	C:\WINDOWS\SYSTEM32\kernel.appcore.dll
0x00007ffba5ac0000 - 0x00007ffba5aca000 	C:\Users\ADMIN\.jdks\openjdk-19.0.2\bin\jimage.dll
0x00007ffbb7f40000 - 0x00007ffbb816e000 	C:\WINDOWS\SYSTEM32\DBGHELP.DLL
0x00007ffbbbc20000 - 0x00007ffbbbfa9000 	C:\WINDOWS\System32\combase.dll
0x00007ffbbb0e0000 - 0x00007ffbbb1b7000 	C:\WINDOWS\System32\OLEAUT32.dll
0x00007ffb9d450000 - 0x00007ffb9d482000 	C:\WINDOWS\SYSTEM32\dbgcore.DLL
0x00007ffbba770000 - 0x00007ffbba7eb000 	C:\WINDOWS\System32\bcryptPrimitives.dll
0x00007ffba5460000 - 0x00007ffba549c000 	C:\Users\ADMIN\.jdks\openjdk-19.0.2\bin\jdwp.dll
0x00007ffba5a80000 - 0x00007ffba5a8e000 	C:\Users\ADMIN\.jdks\openjdk-19.0.2\bin\instrument.dll
0x00007ffba54a0000 - 0x00007ffba54c6000 	C:\Users\ADMIN\.jdks\openjdk-19.0.2\bin\java.dll
0x00007ffba45d0000 - 0x00007ffba45e8000 	C:\Users\ADMIN\.jdks\openjdk-19.0.2\bin\zip.dll
0x00007ffb71ba0000 - 0x00007ffb71c77000 	C:\Users\ADMIN\.jdks\openjdk-19.0.2\bin\jsvml.dll
0x00007ffbbb430000 - 0x00007ffbbbc20000 	C:\WINDOWS\System32\SHELL32.dll
0x00007ffbb83a0000 - 0x00007ffbb8c6d000 	C:\WINDOWS\SYSTEM32\windows.storage.dll
0x00007ffbb8250000 - 0x00007ffbb838e000 	C:\WINDOWS\SYSTEM32\wintypes.dll
0x00007ffbbcc00000 - 0x00007ffbbccf1000 	C:\WINDOWS\System32\SHCORE.dll
0x00007ffbbada0000 - 0x00007ffbbadfe000 	C:\WINDOWS\System32\shlwapi.dll
0x00007ffbba300000 - 0x00007ffbba321000 	C:\WINDOWS\SYSTEM32\profapi.dll
0x00007ffba57c0000 - 0x00007ffba57cc000 	C:\Users\ADMIN\.jdks\openjdk-19.0.2\bin\dt_socket.dll
0x00007ffbb8f30000 - 0x00007ffbb8f5d000 	C:\WINDOWS\SYSTEM32\IPHLPAPI.DLL
0x00007ffbb9940000 - 0x00007ffbb99a9000 	C:\WINDOWS\system32\mswsock.dll
0x00007ffb9f260000 - 0x00007ffb9f273000 	C:\Users\ADMIN\.jdks\openjdk-19.0.2\bin\net.dll
0x00007ffbb0920000 - 0x00007ffbb0a57000 	C:\WINDOWS\SYSTEM32\WINHTTP.dll
0x00007ffb99dc0000 - 0x00007ffb99dd6000 	C:\Users\ADMIN\.jdks\openjdk-19.0.2\bin\nio.dll

dbghelp: loaded successfully - version: 4.0.5 - missing functions: none
symbol engine: initialized successfully - sym options: 0x614 - pdb path: .;C:\Users\ADMIN\.jdks\openjdk-19.0.2\bin;C:\WINDOWS\SYSTEM32;C:\WINDOWS\WinSxS\amd64_microsoft.windows.common-controls_6595b64144ccf1df_6.0.22621.608_none_a9444ca7c10bb01d;C:\Users\ADMIN\.jdks\openjdk-19.0.2\bin\server

VM Arguments:
jvm_args: -agentlib:jdwp=transport=dt_socket,address=127.0.0.1:64487,suspend=y,server=n -javaagent:C:\Users\ADMIN\AppData\Local\JetBrains\IntelliJIdea2022.3\captureAgent\debugger-agent.jar -Dfile.encoding=UTF-8 -Dsun.stdout.encoding=UTF-8 -Dsun.stderr.encoding=UTF-8 
java_command: ThucHanh4.Test
java_class_path (initial): C:\Users\ADMIN\IdeaProjects\BaiTapBuoi12\out\production\BaiTapBuoi12;C:\Program Files\JetBrains\IntelliJ IDEA 2022.3.2\lib\idea_rt.jar
Launcher Type: SUN_STANDARD

[Global flags]
     intx CICompilerCount                          = 12                                        {product} {ergonomic}
     uint ConcGCThreads                            = 3                                         {product} {ergonomic}
     uint G1ConcRefinementThreads                  = 13                                        {product} {ergonomic}
   size_t G1HeapRegionSize                         = 2097152                                   {product} {ergonomic}
    uintx GCDrainStackTargetSize                   = 64                                        {product} {ergonomic}
   size_t InitialHeapSize                          = 266338304                                 {product} {ergonomic}
   size_t MarkStackSize                            = 4194304                                   {product} {ergonomic}
   size_t MaxHeapSize                              = 4238344192                                {product} {ergonomic}
   size_t MaxNewSize                               = 2541748224                                {product} {ergonomic}
   size_t MinHeapDeltaBytes                        = 2097152                                   {product} {ergonomic}
   size_t MinHeapSize                              = 8388608                                   {product} {ergonomic}
    uintx NonNMethodCodeHeapSize                   = 7602480                                {pd product} {ergonomic}
    uintx NonProfiledCodeHeapSize                  = 122027880                              {pd product} {ergonomic}
    uintx ProfiledCodeHeapSize                     = 122027880                              {pd product} {ergonomic}
    uintx ReservedCodeCacheSize                    = 251658240                              {pd product} {ergonomic}
     bool SegmentedCodeCache                       = true                                      {product} {ergonomic}
   size_t SoftMaxHeapSize                          = 4238344192                             {manageable} {ergonomic}
     bool UseCompressedClassPointers               = true                           {product lp64_product} {ergonomic}
     bool UseCompressedOops                        = true                           {product lp64_product} {ergonomic}
     bool UseG1GC                                  = true                                      {product} {ergonomic}
     bool UseLargePagesIndividualAllocation        = false                                  {pd product} {ergonomic}

Logging:
Log output configuration:
 #0: stdout all=warning uptime,level,tags foldmultilines=false
 #1: stderr all=off uptime,level,tags foldmultilines=false

Environment Variables:
PATH=C:\Program Files (x86)\Common Files\Oracle\Java\javapath;C:\Program Files (x86)\Razer\ChromaBroadcast\bin;C:\Program Files\Razer\ChromaBroadcast\bin;C:\Windows\system32;C:\Windows;C:\Windows\System32\Wbem;C:\Windows\System32\WindowsPowerShell\v1.0\;C:\Windows\System32\OpenSSH\;C:\Program Files (x86)\NVIDIA Corporation\PhysX\Common;C:\Program Files\NVIDIA Corporation\NVIDIA NvDLISR;C:\Program Files\Git\cmd;C:\WINDOWS\system32;C:\WINDOWS;C:\WINDOWS\System32\Wbem;C:\WINDOWS\System32\WindowsPowerShell\v1.0\;C:\WINDOWS\System32\OpenSSH\;C:\WINDOWS\system32\config\systemprofile\AppData\Local\Microsoft\WindowsApps;C:\Program Files\Cloudflare\Cloudflare WARP\;C:\Users\ADMIN\AppData\Local\Microsoft\WindowsApps;C:\Users\ADMIN\AppData\Local\GitHubDesktop\bin;;C:\Users\ADMIN\AppData\Local\Programs\Microsoft VS Code\bin
USERNAME=ADMIN
OS=Windows_NT
PROCESSOR_IDENTIFIER=Intel64 Family 6 Model 141 Stepping 1, GenuineIntel
TMP=C:\Users\ADMIN\AppData\Local\Temp
TEMP=C:\Users\ADMIN\AppData\Local\Temp



---------------  S Y S T E M  ---------------

OS:
 Windows 11 , 64 bit Build 22621 (10.0.22621.1485)
OS uptime: 5 days 15:34 hours
Hyper-V role detected

CPU: total 16 (initial active 16) (8 cores per cpu, 2 threads per core) family 6 model 141 stepping 1 microcode 0x3c, cx8, cmov, fxsr, ht, mmx, 3dnowpref, sse, sse2, sse3, ssse3, sse4.1, sse4.2, popcnt, lzcnt, tsc, tscinvbit, avx, avx2, aes, erms, clmul, bmi1, bmi2, adx, avx512f, avx512dq, avx512cd, avx512bw, avx512vl, sha, fma, vzeroupper, avx512_vpopcntdq, avx512_vpclmulqdq, avx512_vaes, avx512_vnni, clflush, clflushopt, clwb, avx512_vbmi2, avx512_vbmi, hv, rdtscp, rdpid, fsrm, gfni, avx512_bitalg

Memory: 4k page, system-wide physical 16163M (3280M free)
TotalPageFile size 24385M (AvailPageFile size 4343M)
current process WorkingSet (physical memory assigned to process): 39M, peak: 40M
current process commit charge ("private bytes"): 354M, peak: 355M

vm_info: OpenJDK 64-Bit Server VM (19.0.2+7-44) for windows-amd64 JRE (19.0.2+7-44), built on 2022-11-30T18:02:09Z by "mach5one" with MS VC++ 17.1 (VS2022)

END.
